<?xml version="1.0" encoding="UTF-8"?>
<!-- Generated by org.testng.reporters.JUnitXMLReporter -->
<testsuite hostname="KH-HYD-35" ignored="4" name="Asstessments" tests="5" failures="2" timestamp="2022-02-07T17:21:10 IST" time="229.074" errors="0">
  <testcase name="createRegular" time="161.864" classname="com.kh.PRISM.Assessments.TC1_Assessment">
    <skipped/>
  </testcase> <!-- createRegular -->
  <testcase name="createRegular" time="13.773" classname="com.kh.PRISM.Assessments.TC1_Assessment">
    <skipped/>
  </testcase> <!-- createRegular -->
  <testcase name="createRegular" time="7.251" classname="com.kh.PRISM.Assessments.TC1_Assessment">
    <skipped/>
  </testcase> <!-- createRegular -->
  <testcase name="createRegular" time="8.156" classname="com.kh.PRISM.Assessments.TC1_Assessment">
    <failure type="org.openqa.selenium.UnhandledAlertException" message="unexpected alert open: {Alert text : You have some unsaved changes. Are you sure you want to navigate?}
  (Session info: chrome=97.0.4692.99): You have some unsaved changes. Are you sure you want to navigate?
Build info: version: &amp;apos;3.141.59&amp;apos;, revision: &amp;apos;e82be7d358&amp;apos;, time: &amp;apos;2018-11-14T08:17:03&amp;apos;
System info: host: &amp;apos;KH-HYD-35&amp;apos;, ip: &amp;apos;192.168.41.70&amp;apos;, os.name: &amp;apos;Windows 10&amp;apos;, os.arch: &amp;apos;amd64&amp;apos;, os.version: &amp;apos;10.0&amp;apos;, java.version: &amp;apos;1.8.0_231&amp;apos;
Driver info: org.openqa.selenium.chrome.ChromeDriver
Capabilities {acceptInsecureCerts: false, browserName: chrome, browserVersion: 97.0.4692.99, chrome: {chromedriverVersion: 97.0.4692.71 (adefa7837d02a..., userDataDir: C:\Users\ADITYA~1\AppData\L...}, goog:chromeOptions: {debuggerAddress: localhost:29866}, javascriptEnabled: true, networkConnectionEnabled: false, pageLoadStrategy: normal, platform: WINDOWS, platformName: WINDOWS, proxy: Proxy(), setWindowRect: true, strictFileInteractability: false, timeouts: {implicit: 0, pageLoad: 300000, script: 30000}, unhandledPromptBehavior: dismiss and notify, webauthn:extension:credBlob: true, webauthn:extension:largeBlob: true, webauthn:virtualAuthenticators: true}
Session ID: b3c0b4e03a745f6244d67ea022d96f3a
*** Element info: {Using=xpath, value=//li[@role=&amp;apos;option&amp;apos;][1]}">
      <![CDATA[org.openqa.selenium.UnhandledAlertException: unexpected alert open: {Alert text : You have some unsaved changes. Are you sure you want to navigate?}
  (Session info: chrome=97.0.4692.99): You have some unsaved changes. Are you sure you want to navigate?
Build info: version: '3.141.59', revision: 'e82be7d358', time: '2018-11-14T08:17:03'
System info: host: 'KH-HYD-35', ip: '192.168.41.70', os.name: 'Windows 10', os.arch: 'amd64', os.version: '10.0', java.version: '1.8.0_231'
Driver info: org.openqa.selenium.chrome.ChromeDriver
Capabilities {acceptInsecureCerts: false, browserName: chrome, browserVersion: 97.0.4692.99, chrome: {chromedriverVersion: 97.0.4692.71 (adefa7837d02a..., userDataDir: C:\Users\ADITYA~1\AppData\L...}, goog:chromeOptions: {debuggerAddress: localhost:29866}, javascriptEnabled: true, networkConnectionEnabled: false, pageLoadStrategy: normal, platform: WINDOWS, platformName: WINDOWS, proxy: Proxy(), setWindowRect: true, strictFileInteractability: false, timeouts: {implicit: 0, pageLoad: 300000, script: 30000}, unhandledPromptBehavior: dismiss and notify, webauthn:extension:credBlob: true, webauthn:extension:largeBlob: true, webauthn:virtualAuthenticators: true}
Session ID: b3c0b4e03a745f6244d67ea022d96f3a
*** Element info: {Using=xpath, value=//li[@role='option'][1]}
at org.openqa.selenium.remote.http.W3CHttpResponseCodec.decode(W3CHttpResponseCodec.java:120)
at org.openqa.selenium.remote.http.W3CHttpResponseCodec.decode(W3CHttpResponseCodec.java:49)
at org.openqa.selenium.remote.HttpCommandExecutor.execute(HttpCommandExecutor.java:158)
at org.openqa.selenium.remote.service.DriverCommandExecutor.execute(DriverCommandExecutor.java:83)
at org.openqa.selenium.remote.RemoteWebDriver.execute(RemoteWebDriver.java:552)
at org.openqa.selenium.remote.RemoteWebDriver.findElement(RemoteWebDriver.java:323)
at org.openqa.selenium.remote.RemoteWebDriver.findElementByXPath(RemoteWebDriver.java:428)
at org.openqa.selenium.By$ByXPath.findElement(By.java:353)
at org.openqa.selenium.remote.RemoteWebDriver.findElement(RemoteWebDriver.java:315)
at com.kh.PRISM.pagehelper.CreateAssessmentHelper.selectAssessmentType(CreateAssessmentHelper.java:129)
at com.kh.PRISM.pagehelper.CreateAssessmentHelper.fillAssessmentDetails(CreateAssessmentHelper.java:102)
at com.kh.PRISM.Assessments.TC1_Assessment.createRegular(TC1_Assessment.java:60)
at java.util.ArrayList.forEach(ArrayList.java:1257)
... Removed 27 stack frames]]>
    </failure>
  </testcase> <!-- createRegular -->
  <testcase name="createRegular" time="224.751" classname="com.kh.PRISM.Assessments.TC1_Assessment">
    <failure type="org.openqa.selenium.UnhandledAlertException" message="unexpected alert open: &amp;lt;unknown&amp;gt;
  (Session info: chrome=97.0.4692.99): 
Build info: version: &amp;apos;3.141.59&amp;apos;, revision: &amp;apos;e82be7d358&amp;apos;, time: &amp;apos;2018-11-14T08:17:03&amp;apos;
System info: host: &amp;apos;KH-HYD-35&amp;apos;, ip: &amp;apos;192.168.41.70&amp;apos;, os.name: &amp;apos;Windows 10&amp;apos;, os.arch: &amp;apos;amd64&amp;apos;, os.version: &amp;apos;10.0&amp;apos;, java.version: &amp;apos;1.8.0_231&amp;apos;
Driver info: org.openqa.selenium.chrome.ChromeDriver
Capabilities {acceptInsecureCerts: false, browserName: chrome, browserVersion: 97.0.4692.99, chrome: {chromedriverVersion: 97.0.4692.71 (adefa7837d02a..., userDataDir: C:\Users\ADITYA~1\AppData\L...}, goog:chromeOptions: {debuggerAddress: localhost:29866}, javascriptEnabled: true, networkConnectionEnabled: false, pageLoadStrategy: normal, platform: WINDOWS, platformName: WINDOWS, proxy: Proxy(), setWindowRect: true, strictFileInteractability: false, timeouts: {implicit: 0, pageLoad: 300000, script: 30000}, unhandledPromptBehavior: dismiss and notify, webauthn:extension:credBlob: true, webauthn:extension:largeBlob: true, webauthn:virtualAuthenticators: true}
Session ID: b3c0b4e03a745f6244d67ea022d96f3a">
      <![CDATA[org.openqa.selenium.UnhandledAlertException: unexpected alert open: <unknown>
  (Session info: chrome=97.0.4692.99): 
Build info: version: '3.141.59', revision: 'e82be7d358', time: '2018-11-14T08:17:03'
System info: host: 'KH-HYD-35', ip: '192.168.41.70', os.name: 'Windows 10', os.arch: 'amd64', os.version: '10.0', java.version: '1.8.0_231'
Driver info: org.openqa.selenium.chrome.ChromeDriver
Capabilities {acceptInsecureCerts: false, browserName: chrome, browserVersion: 97.0.4692.99, chrome: {chromedriverVersion: 97.0.4692.71 (adefa7837d02a..., userDataDir: C:\Users\ADITYA~1\AppData\L...}, goog:chromeOptions: {debuggerAddress: localhost:29866}, javascriptEnabled: true, networkConnectionEnabled: false, pageLoadStrategy: normal, platform: WINDOWS, platformName: WINDOWS, proxy: Proxy(), setWindowRect: true, strictFileInteractability: false, timeouts: {implicit: 0, pageLoad: 300000, script: 30000}, unhandledPromptBehavior: dismiss and notify, webauthn:extension:credBlob: true, webauthn:extension:largeBlob: true, webauthn:virtualAuthenticators: true}
Session ID: b3c0b4e03a745f6244d67ea022d96f3a
at org.openqa.selenium.remote.http.W3CHttpResponseCodec.decode(W3CHttpResponseCodec.java:120)
at org.openqa.selenium.remote.http.W3CHttpResponseCodec.decode(W3CHttpResponseCodec.java:49)
at org.openqa.selenium.remote.HttpCommandExecutor.execute(HttpCommandExecutor.java:158)
at org.openqa.selenium.remote.service.DriverCommandExecutor.execute(DriverCommandExecutor.java:83)
at org.openqa.selenium.remote.RemoteWebDriver.execute(RemoteWebDriver.java:552)
at org.openqa.selenium.remote.RemoteWebDriver.execute(RemoteWebDriver.java:609)
at org.openqa.selenium.remote.RemoteWebDriver.getScreenshotAs(RemoteWebDriver.java:295)
at com.kh.PRISM.utilities.Screenshothelp.takeScreenshotBase64(Screenshothelp.java:45)
at com.kh.PRISM.utilities.Listnershelp.onTestFailure(Listnershelp.java:50)
at java.util.ArrayList.forEach(ArrayList.java:1257)
... Removed 24 stack frames]]>
    </failure>
  </testcase> <!-- createRegular -->
  <testcase name="createGroup" time="0.0" classname="com.kh.PRISM.Assessments.TC1_Assessment">
    <ignored/>
  </testcase> <!-- createGroup -->
  <testcase name="createRecall" time="0.0" classname="com.kh.PRISM.Assessments.TC1_Assessment">
    <ignored/>
  </testcase> <!-- createRecall -->
  <testcase name="createMock" time="0.0" classname="com.kh.PRISM.Assessments.TC1_Assessment">
    <ignored/>
  </testcase> <!-- createMock -->
  <testcase name="createFree" time="0.0" classname="com.kh.PRISM.Assessments.TC1_Assessment">
    <ignored/>
  </testcase> <!-- createFree -->
</testsuite> <!-- Asstessments -->
